<?xml version="1.0" encoding="UTF-8"?>
<!-- Generated by org.testng.reporters.JUnitReportReporter -->
<testsuite hostname="DESKTOP-BSREHGF" failures="0" tests="1" name="homePageTestCases.SearchProduct" time="94.569" errors="0" timestamp="2023-09-09T00:21:26 IST" skipped="0">
  <testcase classname="homePageTestCases.SearchProduct" name="storeAllMobileNames" time="94.569"/>
  <system-out/>
</testsuite> <!-- homePageTestCases.SearchProduct -->
